{"/Users/colinaulds/Desktop/ThinkfulProjects/mongo-shopping-list/server.js":{"path":"/Users/colinaulds/Desktop/ThinkfulProjects/mongo-shopping-list/server.js","s":{"1":1,"2":1,"3":1,"4":1,"5":1,"6":1,"7":1,"8":1,"9":1,"10":1,"11":1,"12":0,"13":1,"14":1,"15":1,"16":1,"17":1,"18":0,"19":0,"20":0,"21":1,"22":1,"23":1,"24":1,"25":0,"26":1,"27":1,"28":1,"29":1,"30":0,"31":1,"32":1,"33":1,"34":1,"35":1,"36":0,"37":1,"38":1,"39":1,"40":1,"41":2,"42":2,"43":2,"44":1,"45":1,"46":1,"47":0,"48":1,"49":1},"b":{"1":[0,1],"2":[1,0],"3":[1,0],"4":[0,1],"5":[0,0],"6":[0,1],"7":[0,1],"8":[0,1],"9":[1,1]},"f":{"1":1,"2":1,"3":1,"4":0,"5":1,"6":1,"7":1,"8":1,"9":1,"10":1,"11":2,"12":2,"13":0},"fnMap":{"1":{"name":"(anonymous_1)","line":12,"loc":{"start":{"line":12,"column":16},"end":{"line":12,"column":35}}},"2":{"name":"(anonymous_2)","line":13,"loc":{"start":{"line":13,"column":42},"end":{"line":13,"column":56}}},"3":{"name":"(anonymous_3)","line":19,"loc":{"start":{"line":19,"column":32},"end":{"line":19,"column":43}}},"4":{"name":"(anonymous_4)","line":29,"loc":{"start":{"line":29,"column":14},"end":{"line":29,"column":28}}},"5":{"name":"(anonymous_5)","line":38,"loc":{"start":{"line":38,"column":18},"end":{"line":38,"column":37}}},"6":{"name":"(anonymous_6)","line":39,"loc":{"start":{"line":39,"column":14},"end":{"line":39,"column":35}}},"7":{"name":"(anonymous_7)","line":49,"loc":{"start":{"line":49,"column":19},"end":{"line":49,"column":38}}},"8":{"name":"(anonymous_8)","line":52,"loc":{"start":{"line":52,"column":7},"end":{"line":52,"column":27}}},"9":{"name":"(anonymous_9)","line":62,"loc":{"start":{"line":62,"column":22},"end":{"line":62,"column":41}}},"10":{"name":"(anonymous_10)","line":64,"loc":{"start":{"line":64,"column":22},"end":{"line":64,"column":43}}},"11":{"name":"(anonymous_11)","line":74,"loc":{"start":{"line":74,"column":25},"end":{"line":74,"column":44}}},"12":{"name":"(anonymous_12)","line":76,"loc":{"start":{"line":76,"column":29},"end":{"line":76,"column":50}}},"13":{"name":"(anonymous_13)","line":85,"loc":{"start":{"line":85,"column":13},"end":{"line":85,"column":32}}}},"statementMap":{"1":{"start":{"line":1,"column":0},"end":{"line":1,"column":33}},"2":{"start":{"line":2,"column":0},"end":{"line":2,"column":40}},"3":{"start":{"line":3,"column":0},"end":{"line":3,"column":35}},"4":{"start":{"line":5,"column":0},"end":{"line":5,"column":33}},"5":{"start":{"line":7,"column":0},"end":{"line":7,"column":20}},"6":{"start":{"line":9,"column":0},"end":{"line":9,"column":27}},"7":{"start":{"line":10,"column":0},"end":{"line":10,"column":34}},"8":{"start":{"line":12,"column":0},"end":{"line":26,"column":2}},"9":{"start":{"line":13,"column":4},"end":{"line":25,"column":7}},"10":{"start":{"line":14,"column":8},"end":{"line":14,"column":25}},"11":{"start":{"line":15,"column":8},"end":{"line":17,"column":9}},"12":{"start":{"line":16,"column":12},"end":{"line":16,"column":33}},"13":{"start":{"line":19,"column":8},"end":{"line":24,"column":11}},"14":{"start":{"line":20,"column":12},"end":{"line":20,"column":65}},"15":{"start":{"line":21,"column":12},"end":{"line":23,"column":13}},"16":{"start":{"line":22,"column":16},"end":{"line":22,"column":27}},"17":{"start":{"line":28,"column":0},"end":{"line":34,"column":1}},"18":{"start":{"line":29,"column":4},"end":{"line":33,"column":7}},"19":{"start":{"line":30,"column":8},"end":{"line":32,"column":9}},"20":{"start":{"line":31,"column":12},"end":{"line":31,"column":31}},"21":{"start":{"line":36,"column":0},"end":{"line":36,"column":36}},"22":{"start":{"line":38,"column":0},"end":{"line":47,"column":3}},"23":{"start":{"line":39,"column":4},"end":{"line":46,"column":7}},"24":{"start":{"line":40,"column":8},"end":{"line":44,"column":9}},"25":{"start":{"line":41,"column":12},"end":{"line":43,"column":15}},"26":{"start":{"line":45,"column":8},"end":{"line":45,"column":24}},"27":{"start":{"line":49,"column":0},"end":{"line":60,"column":3}},"28":{"start":{"line":50,"column":4},"end":{"line":59,"column":7}},"29":{"start":{"line":53,"column":8},"end":{"line":57,"column":9}},"30":{"start":{"line":54,"column":12},"end":{"line":56,"column":15}},"31":{"start":{"line":58,"column":8},"end":{"line":58,"column":35}},"32":{"start":{"line":62,"column":0},"end":{"line":72,"column":3}},"33":{"start":{"line":63,"column":4},"end":{"line":63,"column":27}},"34":{"start":{"line":64,"column":4},"end":{"line":71,"column":6}},"35":{"start":{"line":65,"column":6},"end":{"line":67,"column":7}},"36":{"start":{"line":66,"column":8},"end":{"line":66,"column":35}},"37":{"start":{"line":68,"column":6},"end":{"line":68,"column":32}},"38":{"start":{"line":69,"column":6},"end":{"line":69,"column":18}},"39":{"start":{"line":70,"column":6},"end":{"line":70,"column":40}},"40":{"start":{"line":74,"column":0},"end":{"line":83,"column":3}},"41":{"start":{"line":75,"column":4},"end":{"line":75,"column":27}},"42":{"start":{"line":76,"column":4},"end":{"line":82,"column":6}},"43":{"start":{"line":77,"column":6},"end":{"line":79,"column":7}},"44":{"start":{"line":78,"column":8},"end":{"line":78,"column":35}},"45":{"start":{"line":81,"column":6},"end":{"line":81,"column":33}},"46":{"start":{"line":85,"column":0},"end":{"line":89,"column":3}},"47":{"start":{"line":86,"column":4},"end":{"line":88,"column":7}},"48":{"start":{"line":92,"column":0},"end":{"line":92,"column":18}},"49":{"start":{"line":93,"column":0},"end":{"line":93,"column":30}}},"branchMap":{"1":{"line":15,"type":"if","locations":[{"start":{"line":15,"column":8},"end":{"line":15,"column":8}},{"start":{"line":15,"column":8},"end":{"line":15,"column":8}}]},"2":{"line":15,"type":"binary-expr","locations":[{"start":{"line":15,"column":12},"end":{"line":15,"column":15}},{"start":{"line":15,"column":19},"end":{"line":15,"column":27}}]},"3":{"line":21,"type":"if","locations":[{"start":{"line":21,"column":12},"end":{"line":21,"column":12}},{"start":{"line":21,"column":12},"end":{"line":21,"column":12}}]},"4":{"line":28,"type":"if","locations":[{"start":{"line":28,"column":0},"end":{"line":28,"column":0}},{"start":{"line":28,"column":0},"end":{"line":28,"column":0}}]},"5":{"line":30,"type":"if","locations":[{"start":{"line":30,"column":8},"end":{"line":30,"column":8}},{"start":{"line":30,"column":8},"end":{"line":30,"column":8}}]},"6":{"line":40,"type":"if","locations":[{"start":{"line":40,"column":8},"end":{"line":40,"column":8}},{"start":{"line":40,"column":8},"end":{"line":40,"column":8}}]},"7":{"line":53,"type":"if","locations":[{"start":{"line":53,"column":8},"end":{"line":53,"column":8}},{"start":{"line":53,"column":8},"end":{"line":53,"column":8}}]},"8":{"line":65,"type":"if","locations":[{"start":{"line":65,"column":6},"end":{"line":65,"column":6}},{"start":{"line":65,"column":6},"end":{"line":65,"column":6}}]},"9":{"line":77,"type":"if","locations":[{"start":{"line":77,"column":6},"end":{"line":77,"column":6}},{"start":{"line":77,"column":6},"end":{"line":77,"column":6}}]}}},"/Users/colinaulds/Desktop/ThinkfulProjects/mongo-shopping-list/config.js":{"path":"/Users/colinaulds/Desktop/ThinkfulProjects/mongo-shopping-list/config.js","s":{"1":1,"2":1},"b":{"1":[1,0],"2":[1,1,0],"3":[1,1]},"f":{},"fnMap":{},"statementMap":{"1":{"start":{"line":1,"column":0},"end":{"line":5,"column":68}},"2":{"start":{"line":6,"column":0},"end":{"line":6,"column":40}}},"branchMap":{"1":{"line":1,"type":"cond-expr","locations":[{"start":{"line":4,"column":28},"end":{"line":4,"column":63}},{"start":{"line":5,"column":28},"end":{"line":5,"column":67}}]},"2":{"line":1,"type":"binary-expr","locations":[{"start":{"line":1,"column":23},"end":{"line":1,"column":47}},{"start":{"line":2,"column":23},"end":{"line":2,"column":42}},{"start":{"line":3,"column":23},"end":{"line":3,"column":60}}]},"3":{"line":6,"type":"binary-expr","locations":[{"start":{"line":6,"column":15},"end":{"line":6,"column":31}},{"start":{"line":6,"column":35},"end":{"line":6,"column":39}}]}}},"/Users/colinaulds/Desktop/ThinkfulProjects/mongo-shopping-list/models/item.js":{"path":"/Users/colinaulds/Desktop/ThinkfulProjects/mongo-shopping-list/models/item.js","s":{"1":1,"2":1,"3":1,"4":1},"b":{},"f":{},"fnMap":{},"statementMap":{"1":{"start":{"line":1,"column":0},"end":{"line":1,"column":35}},"2":{"start":{"line":3,"column":0},"end":{"line":5,"column":3}},"3":{"start":{"line":7,"column":0},"end":{"line":7,"column":46}},"4":{"start":{"line":9,"column":0},"end":{"line":9,"column":22}}},"branchMap":{}}}