TN:
SF:/Users/colinaulds/Desktop/ThinkfulProjects/mongo-shopping-list/server.js
FN:12,(anonymous_1)
FN:13,(anonymous_2)
FN:19,(anonymous_3)
FN:29,(anonymous_4)
FN:38,(anonymous_5)
FN:39,(anonymous_6)
FN:49,(anonymous_7)
FN:52,(anonymous_8)
FN:62,(anonymous_9)
FN:64,(anonymous_10)
FN:74,(anonymous_11)
FN:76,(anonymous_12)
FN:85,(anonymous_13)
FNF:13
FNH:11
FNDA:1,(anonymous_1)
FNDA:1,(anonymous_2)
FNDA:1,(anonymous_3)
FNDA:0,(anonymous_4)
FNDA:1,(anonymous_5)
FNDA:1,(anonymous_6)
FNDA:1,(anonymous_7)
FNDA:1,(anonymous_8)
FNDA:1,(anonymous_9)
FNDA:1,(anonymous_10)
FNDA:2,(anonymous_11)
FNDA:2,(anonymous_12)
FNDA:0,(anonymous_13)
DA:1,1
DA:2,1
DA:3,1
DA:5,1
DA:7,1
DA:9,1
DA:10,1
DA:12,1
DA:13,1
DA:14,1
DA:15,1
DA:16,0
DA:19,1
DA:20,1
DA:21,1
DA:22,1
DA:28,1
DA:29,0
DA:30,0
DA:31,0
DA:36,1
DA:38,1
DA:39,1
DA:40,1
DA:41,0
DA:45,1
DA:49,1
DA:50,1
DA:53,1
DA:54,0
DA:58,1
DA:62,1
DA:63,1
DA:64,1
DA:65,1
DA:66,0
DA:68,1
DA:69,1
DA:70,1
DA:74,1
DA:75,2
DA:76,2
DA:77,2
DA:78,1
DA:81,1
DA:85,1
DA:86,0
DA:92,1
DA:93,1
LF:49
LH:41
BRDA:15,1,0,0
BRDA:15,1,1,1
BRDA:15,2,0,1
BRDA:15,2,1,0
BRDA:21,3,0,1
BRDA:21,3,1,0
BRDA:28,4,0,0
BRDA:28,4,1,1
BRDA:30,5,0,0
BRDA:30,5,1,0
BRDA:40,6,0,0
BRDA:40,6,1,1
BRDA:53,7,0,0
BRDA:53,7,1,1
BRDA:65,8,0,0
BRDA:65,8,1,1
BRDA:77,9,0,1
BRDA:77,9,1,1
BRF:18
BRH:9
end_of_record
TN:
SF:/Users/colinaulds/Desktop/ThinkfulProjects/mongo-shopping-list/config.js
FNF:0
FNH:0
DA:1,1
DA:6,1
LF:2
LH:2
BRDA:1,1,0,1
BRDA:1,1,1,0
BRDA:1,2,0,1
BRDA:1,2,1,1
BRDA:1,2,2,0
BRDA:6,3,0,1
BRDA:6,3,1,1
BRF:7
BRH:5
end_of_record
TN:
SF:/Users/colinaulds/Desktop/ThinkfulProjects/mongo-shopping-list/models/item.js
FNF:0
FNH:0
DA:1,1
DA:3,1
DA:7,1
DA:9,1
LF:4
LH:4
BRF:0
BRH:0
end_of_record
